MariaDB [z1761739]> source assign6.sql;
+----------+-----------------+--------------+-------------+
| LastName | FirstName       | BoatName     | BoatType    |
+----------+-----------------+--------------+-------------+
| Adney    | Bruce and Doris | Anderson II  | Sprite 4000 |
| Adney    | Bruce and Doris | Bravo        | Dolphin 25  |
| Anderson | Bill            | Our Toy      | Ray 4025    |
| Blake    | Mary Jane       | Krispy       | Ray 4025    |
| Blake    | Mary Jane       | Escape       | Sprite 4000 |
| Elend    | Mary and Bill   | Anderson III | Sprite 3000 |
| Feenstra | Daniel          | Gypsy        | Dolphin 28  |
| Feenstra | Daniel          | Axxon II     | Dolphin 40  |
| Juarez   | Maria           | Axxon IV     | Dolphin 40  |
| Kelly    | Alyssa          | Chinook      | Dolphin 22  |
| Smeltz   | Becky and Dave  | Karvel       | Ray 4025    |
| Smith    | Peter           | Mermaid      | Dolphin 28  |
| Trent    | Ashton          | Listy        | Dolphin 25  |
+----------+-----------------+--------------+-------------+
13 rows in set (0.00 sec)

+----------+---------------+
| LastName | NumberOfBoats |
+----------+---------------+
| Adney    |             2 |
| Blake    |             2 |
| Feenstra |             2 |
+----------+---------------+
3 rows in set (0.00 sec)

+----------+---------------------------------------------------------------------------------------------------------+
| LastName | Description                                                                                             |
+----------+---------------------------------------------------------------------------------------------------------+
| Blake    | Canvas leaks around zippers in heavy rain. Install overlap around zippers to prevent leaks.             |
| Adney    | Air conditioner periodically stops with code indicating low coolant level. Diagnose and repair.         |
| Elend    | Fuse on port motor blown on two occasions. Diagnose and repair.                                         |
| Feenstra | Oil change and general routine maintenance (check fluid levels, clean sea strainers etc.).              |
| Adney    | Engine oil level has been dropping drastically. Diagnose and repair.                                    |
| Juarez   | Air conditioning unit shuts down with HHH showing on the control panel.                                 |
| Smeltz   | Electric-flush system periodically stops functioning. Diagnose and repair.                              |
| Adney    | Engine overheating. Loss of coolant. Diagnose and repair.                                               |
| Adney    | Heat exchanger not operating correctly.                                                                 |
| Kelly    | Canvas severely damaged in windstorm. Order and install new canvas.                                     |
| Anderson | Install new GPS and chart plotter.                                                                      |
| Anderson | Air conditioning unit shuts down with HHH showing on the control panel.                                 |
| Feenstra | Both speed and depth readings on data unit are significantly less than the owner thinks they should be. |
| Trent    | Customer describes engine as making a clattering sound.                                                 |
| Kelly    | Owner accident caused damage to forward portion of port side.                                           |
| Smeltz   | Canvas leaks around zippers in heavy rain. Install overlap around zippers to prevent leaks.             |
+----------+---------------------------------------------------------------------------------------------------------+
16 rows in set (0.00 sec)

+---------------------------------------------------+------------------+
| CategoryDescription                               | NumberOfRequests |
+---------------------------------------------------+------------------+
| Routine engine maintenance                        |                1 |
| Engine repair                                     |                4 |
| Air conditioning                                  |                3 |
| Electrical systems                                |                2 |
| Fiberglass repair                                 |                1 |
| Canvas installation                               |                1 |
| Canvas repair                                     |                2 |
| Electronic systems (radar, GPS, autopilots, etc.) |                2 |
+---------------------------------------------------+------------------+
8 rows in set (0.00 sec)

+----------+-----------------+-------------+-------+-------------------+
| LastName | FirstName       | City        | State | Name              |
+----------+-----------------+-------------+-------+-------------------+
| Trent    | Ashton          | Bay Shores  | FL    | Alexamara Central |
| Adney    | Bruce and Doris | Bowton      | FL    | Alexamara East    |
| Adney    | Bruce and Doris | Bowton      | FL    | Alexamara Central |
| Blake    | Mary Jane       | Bowton      | FL    | Alexamara South   |
| Blake    | Mary Jane       | Bowton      | FL    | Alexamara East    |
| Kelly    | Alyssa          | Bowton      | FL    | Alexamara Central |
| Anderson | Bill            | Glander Bay | FL    | Alexamara East    |
| Smeltz   | Becky and Dave  | Glander Bay | FL    | Alexamara Central |
| Feenstra | Daniel          | Kaleva      | FL    | Alexamara East    |
| Feenstra | Daniel          | Kaleva      | FL    | Alexamara Central |
| Smith    | Peter           | Lewiston    | FL    | Alexamara Central |
| Elend    | Mary and Bill   | Rivard      | FL    | Alexamara East    |
| Juarez   | Maria           | Rivard      | FL    | Alexamara South   |
+----------+-----------------+-------------+-------+-------------------+
13 rows in set (0.00 sec)

+-------------------+---------------------------+
| Name              | sum(MarinaSlip.RentalFee) |
+-------------------+---------------------------+
| Alexamara Central |                  16500.00 |
| Alexamara East    |                  16200.00 |
| Alexamara South   |                   8400.00 |
+-------------------+---------------------------+
3 rows in set (0.00 sec)

+-----------+----------+------------+------------+
| ServiceID | EstHours | SpentHours | Difference |
+-----------+----------+------------+------------+
|         1 |     8.00 |       3.00 |       5.00 |
|         2 |     4.00 |       2.00 |       2.00 |
|         3 |     2.00 |       0.00 |       2.00 |
|         4 |     1.00 |       0.00 |       1.00 |
|         5 |     2.00 |       0.00 |       2.00 |
|         6 |     1.00 |       1.00 |       0.00 |
|         7 |     3.00 |       0.00 |       3.00 |
|         8 |     2.00 |       0.00 |       2.00 |
|         9 |     4.00 |       1.00 |       3.00 |
|        10 |     8.00 |       0.00 |       8.00 |
|        11 |     7.00 |       0.00 |       7.00 |
|        12 |     1.00 |       1.00 |       0.00 |
|        13 |     2.00 |       0.00 |       2.00 |
|        14 |     5.00 |       2.00 |       3.00 |
|        15 |     6.00 |       0.00 |       6.00 |
|        16 |     8.00 |       3.00 |       5.00 |
+-----------+----------+------------+------------+
16 rows in set (0.00 sec)

+----------+--------------+
| LastName | BoatName     |
+----------+--------------+
| Feenstra | Gypsy        |
| Elend    | Anderson III |
| Adney    | Bravo        |
| Kelly    | Chinook      |
| Trent    | Listy        |
| Smith    | Mermaid      |
+----------+--------------+
6 rows in set (0.00 sec)

+--------------+-----------------+
| BoatName     | NextServiceDate |
+--------------+-----------------+
| Anderson II  | 2013-07-12      |
| Anderson III | 2013-07-12      |
| Listy        | 2013-07-12      |
| Bravo        | 2013-07-13      |
| Chinook      | 2013-07-13      |
| Anderson II  | 2013-07-13      |
| Chinook      | 2013-07-16      |
| Gypsy        | 2013-07-16      |
| Krispy       | 2013-07-17      |
| Karvel       | 2013-07-17      |
| Our Toy      | 2013-07-17      |
| Bravo        | 2013-07-17      |
| Axxon IV     | 2020-12-31      |
| Karvel       | 2020-12-31      |
| Our Toy      | 2020-12-31      |
+--------------+-----------------+
15 rows in set (0.00 sec)

+--------------+----------+---------+-------------------+
| BoatName     | LastName | SlipNum | MarinaName        |
+--------------+----------+---------+-------------------+
| Axxon II     | Feenstra | 5       | Alexamara Central |
| Bravo        | Adney    | 1       | Alexamara Central |
| Chinook      | Kelly    | 2       | Alexamara Central |
| Karvel       | Smeltz   | 6       | Alexamara Central |
| Listy        | Trent    | 3       | Alexamara Central |
| Mermaid      | Smith    | 4       | Alexamara Central |
| Anderson II  | Adney    | A1      | Alexamara East    |
| Anderson III | Elend    | B2      | Alexamara East    |
| Escape       | Blake    | A3      | Alexamara East    |
| Gypsy        | Feenstra | B1      | Alexamara East    |
| Our Toy      | Anderson | A2      | Alexamara East    |
| Axxon IV     | Juarez   | C1      | Alexamara South   |
| Krispy       | Blake    | C2      | Alexamara South   |
+--------------+----------+---------+-------------------+
13 rows in set (0.00 sec)

MariaDB [z1761739]> exit
Reading table information for completion of table and column names
You can turn off this feature to get a quicker startup with -A

Welcome to the MariaDB monitor.  Commands end with ; or \g.
Your MariaDB connection id is 63700
Server version: 10.1.26-MariaDB-0+deb9u1 Debian 9.1

Copyright (c) 2000, 2017, Oracle, MariaDB Corporation Ab and others.

Type 'help;' or '\h' for help. Type '\c' to clear the current input statement.

MariaDB [z1761739]> source assign6.sql;
+----------+-----------------+--------------+-------------+
| LastName | FirstName       | BoatName     | BoatType    |
+----------+-----------------+--------------+-------------+
| Adney    | Bruce and Doris | Anderson II  | Sprite 4000 |
| Adney    | Bruce and Doris | Bravo        | Dolphin 25  |
| Anderson | Bill            | Our Toy      | Ray 4025    |
| Blake    | Mary Jane       | Krispy       | Ray 4025    |
| Blake    | Mary Jane       | Escape       | Sprite 4000 |
| Elend    | Mary and Bill   | Anderson III | Sprite 3000 |
| Feenstra | Daniel          | Gypsy        | Dolphin 28  |
| Feenstra | Daniel          | Axxon II     | Dolphin 40  |
| Juarez   | Maria           | Axxon IV     | Dolphin 40  |
| Kelly    | Alyssa          | Chinook      | Dolphin 22  |
| Smeltz   | Becky and Dave  | Karvel       | Ray 4025    |
| Smith    | Peter           | Mermaid      | Dolphin 28  |
| Trent    | Ashton          | Listy        | Dolphin 25  |
+----------+-----------------+--------------+-------------+
13 rows in set (0.00 sec)

+----------+---------------+
| LastName | NumberOfBoats |
+----------+---------------+
| Adney    |             2 |
| Blake    |             2 |
| Feenstra |             2 |
+----------+---------------+
3 rows in set (0.00 sec)

+----------+---------------------------------------------------------------------------------------------------------+
| LastName | Description                                                                                             |
+----------+---------------------------------------------------------------------------------------------------------+
| Blake    | Canvas leaks around zippers in heavy rain. Install overlap around zippers to prevent leaks.             |
| Adney    | Air conditioner periodically stops with code indicating low coolant level. Diagnose and repair.         |
| Elend    | Fuse on port motor blown on two occasions. Diagnose and repair.                                         |
| Feenstra | Oil change and general routine maintenance (check fluid levels, clean sea strainers etc.).              |
| Adney    | Engine oil level has been dropping drastically. Diagnose and repair.                                    |
| Juarez   | Air conditioning unit shuts down with HHH showing on the control panel.                                 |
| Smeltz   | Electric-flush system periodically stops functioning. Diagnose and repair.                              |
| Adney    | Engine overheating. Loss of coolant. Diagnose and repair.                                               |
| Adney    | Heat exchanger not operating correctly.                                                                 |
| Kelly    | Canvas severely damaged in windstorm. Order and install new canvas.                                     |
| Anderson | Install new GPS and chart plotter.                                                                      |
| Anderson | Air conditioning unit shuts down with HHH showing on the control panel.                                 |
| Feenstra | Both speed and depth readings on data unit are significantly less than the owner thinks they should be. |
| Trent    | Customer describes engine as making a clattering sound.                                                 |
| Kelly    | Owner accident caused damage to forward portion of port side.                                           |
| Smeltz   | Canvas leaks around zippers in heavy rain. Install overlap around zippers to prevent leaks.             |
+----------+---------------------------------------------------------------------------------------------------------+
16 rows in set (0.00 sec)

+---------------------------------------------------+------------------+
| CategoryDescription                               | NumberOfRequests |
+---------------------------------------------------+------------------+
| Routine engine maintenance                        |                1 |
| Engine repair                                     |                4 |
| Air conditioning                                  |                3 |
| Electrical systems                                |                2 |
| Fiberglass repair                                 |                1 |
| Canvas installation                               |                1 |
| Canvas repair                                     |                2 |
| Electronic systems (radar, GPS, autopilots, etc.) |                2 |
+---------------------------------------------------+------------------+
8 rows in set (0.00 sec)

+----------+-----------------+-------------+-------+-------------------+
| LastName | FirstName       | City        | State | Name              |
+----------+-----------------+-------------+-------+-------------------+
| Trent    | Ashton          | Bay Shores  | FL    | Alexamara Central |
| Adney    | Bruce and Doris | Bowton      | FL    | Alexamara East    |
| Adney    | Bruce and Doris | Bowton      | FL    | Alexamara Central |
| Blake    | Mary Jane       | Bowton      | FL    | Alexamara South   |
| Blake    | Mary Jane       | Bowton      | FL    | Alexamara East    |
| Kelly    | Alyssa          | Bowton      | FL    | Alexamara Central |
| Anderson | Bill            | Glander Bay | FL    | Alexamara East    |
| Smeltz   | Becky and Dave  | Glander Bay | FL    | Alexamara Central |
| Feenstra | Daniel          | Kaleva      | FL    | Alexamara East    |
| Feenstra | Daniel          | Kaleva      | FL    | Alexamara Central |
| Smith    | Peter           | Lewiston    | FL    | Alexamara Central |
| Elend    | Mary and Bill   | Rivard      | FL    | Alexamara East    |
| Juarez   | Maria           | Rivard      | FL    | Alexamara South   |
+----------+-----------------+-------------+-------+-------------------+
13 rows in set (0.00 sec)

+-------------------+---------------------------+
| Name              | sum(MarinaSlip.RentalFee) |
+-------------------+---------------------------+
| Alexamara Central |                  16500.00 |
| Alexamara East    |                  16200.00 |
| Alexamara South   |                   8400.00 |
+-------------------+---------------------------+
3 rows in set (0.00 sec)

+-----------+----------+------------+------------+
| ServiceID | EstHours | SpentHours | Difference |
+-----------+----------+------------+------------+
|         1 |     8.00 |       3.00 |       5.00 |
|         2 |     4.00 |       2.00 |       2.00 |
|         3 |     2.00 |       0.00 |       2.00 |
|         4 |     1.00 |       0.00 |       1.00 |
|         5 |     2.00 |       0.00 |       2.00 |
|         6 |     1.00 |       1.00 |       0.00 |
|         7 |     3.00 |       0.00 |       3.00 |
|         8 |     2.00 |       0.00 |       2.00 |
|         9 |     4.00 |       1.00 |       3.00 |
|        10 |     8.00 |       0.00 |       8.00 |
|        11 |     7.00 |       0.00 |       7.00 |
|        12 |     1.00 |       1.00 |       0.00 |
|        13 |     2.00 |       0.00 |       2.00 |
|        14 |     5.00 |       2.00 |       3.00 |
|        15 |     6.00 |       0.00 |       6.00 |
|        16 |     8.00 |       3.00 |       5.00 |
+-----------+----------+------------+------------+
16 rows in set (0.00 sec)

+----------+--------------+
| LastName | BoatName     |
+----------+--------------+
| Feenstra | Gypsy        |
| Elend    | Anderson III |
| Adney    | Bravo        |
| Kelly    | Chinook      |
| Trent    | Listy        |
| Smith    | Mermaid      |
+----------+--------------+
6 rows in set (0.00 sec)

+--------------+-----------------+
| BoatName     | NextServiceDate |
+--------------+-----------------+
| Anderson II  | 2013-07-12      |
| Anderson III | 2013-07-12      |
| Listy        | 2013-07-12      |
| Bravo        | 2013-07-13      |
| Chinook      | 2013-07-13      |
| Anderson II  | 2013-07-13      |
| Chinook      | 2013-07-16      |
| Gypsy        | 2013-07-16      |
| Krispy       | 2013-07-17      |
| Karvel       | 2013-07-17      |
| Our Toy      | 2013-07-17      |
| Bravo        | 2013-07-17      |
| Axxon IV     | 2020-12-31      |
| Karvel       | 2020-12-31      |
| Our Toy      | 2020-12-31      |
+--------------+-----------------+
15 rows in set (0.00 sec)

+--------------+----------+---------+-------------------+
| BoatName     | LastName | SlipNum | MarinaName        |
+--------------+----------+---------+-------------------+
| Axxon II     | Feenstra | 5       | Alexamara Central |
| Bravo        | Adney    | 1       | Alexamara Central |
| Chinook      | Kelly    | 2       | Alexamara Central |
| Karvel       | Smeltz   | 6       | Alexamara Central |
| Listy        | Trent    | 3       | Alexamara Central |
| Mermaid      | Smith    | 4       | Alexamara Central |
| Anderson II  | Adney    | A1      | Alexamara East    |
| Anderson III | Elend    | B2      | Alexamara East    |
| Escape       | Blake    | A3      | Alexamara East    |
| Gypsy        | Feenstra | B1      | Alexamara East    |
| Our Toy      | Anderson | A2      | Alexamara East    |
| Axxon IV     | Juarez   | C1      | Alexamara South   |
| Krispy       | Blake    | C2      | Alexamara South   |
+--------------+----------+---------+-------------------+
13 rows in set (0.00 sec)

