MariaDB [z1761739]> source assign7.sql;
Query OK, 0 rows affected (0.00 sec)

Query OK, 0 rows affected (0.06 sec)

Query OK, 0 rows affected (0.11 sec)

Query OK, 0 rows affected (0.45 sec)

Query OK, 5 rows affected (0.08 sec)
Records: 5  Duplicates: 0  Warnings: 0

+---------+-----------+--------------+
| ownerID | fName     | lName        |
+---------+-----------+--------------+
|       1 | Proud     | Mary         |
|       2 | Jean-Marc | Oliver       |
|       3 | Ryan      | Walkup       |
|       4 | Little    | Richard      |
|       5 | Maxwell   | Silverhammer |
+---------+-----------+--------------+
5 rows in set (0.08 sec)

Query OK, 0 rows affected (0.69 sec)

Query OK, 6 rows affected, 1 warning (0.09 sec)
Records: 6  Duplicates: 0  Warnings: 1

+-------+-------------+--------+---------+
| petID | petName     | petDOB | ownerID |
+-------+-------------+--------+---------+
|     1 | Jack        |        |       1 |
|     2 | Max         |        |       1 |
|     3 | Pipa        |        |       2 |
|     4 | Baby J      |        |       3 |
|     5 | Max III     |        |       4 |
|     6 | King Max IV |        |       5 |
+-------+-------------+--------+---------+
6 rows in set (0.22 sec)

Query OK, 0 rows affected (1.22 sec)
Records: 0  Duplicates: 0  Warnings: 0

Query OK, 3 rows affected (0.04 sec)
Rows matched: 3  Changed: 3  Warnings: 0

Query OK, 1 row affected (0.08 sec)
Rows matched: 1  Changed: 1  Warnings: 0

Query OK, 1 row affected (0.07 sec)
Rows matched: 1  Changed: 1  Warnings: 0

Query OK, 1 row affected (0.09 sec)
Rows matched: 1  Changed: 1  Warnings: 0

Query OK, 2 rows affected (0.07 sec)
Rows matched: 2  Changed: 2  Warnings: 0

Query OK, 1 row affected (0.03 sec)
Rows matched: 1  Changed: 1  Warnings: 0

Query OK, 1 row affected (0.04 sec)
Rows matched: 1  Changed: 1  Warnings: 0

Query OK, 1 row affected (0.01 sec)
Rows matched: 1  Changed: 1  Warnings: 0

Query OK, 1 row affected (0.07 sec)
Rows matched: 1  Changed: 1  Warnings: 0

+-------+-------------+-------------+---------+---------+
| petID | petName     | petDOB      | ownerID | petType |
+-------+-------------+-------------+---------+---------+
|     1 | Jack        | 12 MAY 2010 |       1 | dog     |
|     2 | Max         | 12 MAY 2010 |       1 | dog     |
|     3 | Pipa        | 03 JAN 2013 |       2 | dog     |
|     4 | Baby J      | 19 DEC 2014 |       3 | bird    |
|     5 | Max III     | 16 MAR 2007 |       4 | lizard  |
|     6 | King Max IV | 08 MAR 2017 |       5 | cat     |
+-------+-------------+-------------+---------+---------+
6 rows in set (0.00 sec)

Query OK, 0 rows affected (0.08 sec)

+------------------+-----------------+-------------+
| Owner First Name | Owner Last Name | Pet         |
+------------------+-----------------+-------------+
| Proud            | Mary            | Jack        |
| Proud            | Mary            | Max         |
| Jean-Marc        | Oliver          | Pipa        |
| Ryan             | Walkup          | Baby J      |
| Little           | Richard         | Max III     |
| Maxwell          | Silverhammer    | King Max IV |
+------------------+-----------------+-------------+
6 rows in set (0.00 sec)

MariaDB [z1761739]> exit
